<?xml version="1.0" encoding="UTF-8"?>
<!-- Generated by org.testng.reporters.JUnitXMLReporter -->
<testsuite hostname="DESKTOP-RTOV87Q" ignored="0" name="Test" tests="1" failures="1" timestamp="15 Apr 2018 20:08:55 GMT" time="0.279" errors="0">
  <testcase name="naviagtetodesiredLink" time="0.239" classname="com.TestCases.TestCaseExecutor">
    <failure type="java.lang.Error" message="Unresolved compilation problem: 
	Id_of_The_Movie cannot be resolved
">
      <![CDATA[java.lang.Error: Unresolved compilation problem: 
	Id_of_The_Movie cannot be resolved

	at com.Library.Library.naviagate_to_top_rated_indian_movies(Library.java:54)
	at com.TestCases.TestCaseExecutor.naviagtetodesiredLink(TestCaseExecutor.java:12)
... Removed 25 stack frames]]>
    </failure>
  </testcase> <!-- naviagtetodesiredLink -->
</testsuite> <!-- Test -->
