<?xml version="1.0" encoding="UTF-8"?>
<testng-results skipped="0" failed="1" ignored="0" total="1" passed="0">
  <reporter-output>
  </reporter-output>
  <suite name="Suite" duration-ms="279" started-at="2018-04-15T20:08:54Z" finished-at="2018-04-15T20:08:54Z">
    <groups>
    </groups>
    <test name="Test" duration-ms="279" started-at="2018-04-15T20:08:54Z" finished-at="2018-04-15T20:08:54Z">
      <class name="com.TestCases.TestCaseExecutor">
        <test-method status="FAIL" signature="naviagtetodesiredLink()[pri:0, instance:com.TestCases.TestCaseExecutor@4678c730]" name="naviagtetodesiredLink" duration-ms="239" started-at="2018-04-16T01:38:54Z" finished-at="2018-04-16T01:38:54Z">
          <exception class="java.lang.Error">
            <message>
              <![CDATA[Unresolved compilation problem: 
	Id_of_The_Movie cannot be resolved
]]>
            </message>
            <full-stacktrace>
              <![CDATA[java.lang.Error: Unresolved compilation problem: 
	Id_of_The_Movie cannot be resolved

	at com.Library.Library.naviagate_to_top_rated_indian_movies(Library.java:54)
	at com.TestCases.TestCaseExecutor.naviagtetodesiredLink(TestCaseExecutor.java:12)
	at sun.reflect.NativeMethodAccessorImpl.invoke0(Native Method)
	at sun.reflect.NativeMethodAccessorImpl.invoke(Unknown Source)
	at sun.reflect.DelegatingMethodAccessorImpl.invoke(Unknown Source)
	at java.lang.reflect.Method.invoke(Unknown Source)
	at org.testng.internal.MethodInvocationHelper.invokeMethod(MethodInvocationHelper.java:108)
	at org.testng.internal.Invoker.invokeMethod(Invoker.java:669)
	at org.testng.internal.Invoker.invokeTestMethod(Invoker.java:877)
	at org.testng.internal.Invoker.invokeTestMethods(Invoker.java:1201)
	at org.testng.internal.TestMethodWorker.invokeTestMethods(TestMethodWorker.java:125)
	at org.testng.internal.TestMethodWorker.run(TestMethodWorker.java:109)
	at org.testng.TestRunner.privateRun(TestRunner.java:776)
	at org.testng.TestRunner.run(TestRunner.java:634)
	at org.testng.SuiteRunner.runTest(SuiteRunner.java:425)
	at org.testng.SuiteRunner.runSequentially(SuiteRunner.java:420)
	at org.testng.SuiteRunner.privateRun(SuiteRunner.java:385)
	at org.testng.SuiteRunner.run(SuiteRunner.java:334)
	at org.testng.SuiteRunnerWorker.runSuite(SuiteRunnerWorker.java:52)
	at org.testng.SuiteRunnerWorker.run(SuiteRunnerWorker.java:86)
	at org.testng.TestNG.runSuitesSequentially(TestNG.java:1318)
	at org.testng.TestNG.runSuitesLocally(TestNG.java:1243)
	at org.testng.TestNG.runSuites(TestNG.java:1161)
	at org.testng.TestNG.run(TestNG.java:1129)
	at org.testng.remote.AbstractRemoteTestNG.run(AbstractRemoteTestNG.java:114)
	at org.testng.remote.RemoteTestNG.initAndRun(RemoteTestNG.java:251)
	at org.testng.remote.RemoteTestNG.main(RemoteTestNG.java:77)
]]>
            </full-stacktrace>
          </exception> <!-- java.lang.Error -->
          <reporter-output>
          </reporter-output>
        </test-method> <!-- naviagtetodesiredLink -->
      </class> <!-- com.TestCases.TestCaseExecutor -->
      <class name="com.TestCases.OpenAndCloseBrowser">
        <test-method status="PASS" signature="openbrowsermethod()[pri:0, instance:com.TestCases.OpenAndCloseBrowser@724af044]" name="openbrowsermethod" is-config="true" duration-ms="26358" started-at="2018-04-16T01:38:28Z" finished-at="2018-04-16T01:38:54Z">
          <reporter-output>
          </reporter-output>
        </test-method> <!-- openbrowsermethod -->
        <test-method status="PASS" signature="closebrowsermethod()[pri:0, instance:com.TestCases.OpenAndCloseBrowser@724af044]" name="closebrowsermethod" is-config="true" duration-ms="787" started-at="2018-04-16T01:38:55Z" finished-at="2018-04-16T01:38:56Z">
          <reporter-output>
          </reporter-output>
        </test-method> <!-- closebrowsermethod -->
      </class> <!-- com.TestCases.OpenAndCloseBrowser -->
    </test> <!-- Test -->
  </suite> <!-- Suite -->
</testng-results>
